<?xml version="1.0" encoding="UTF-8"?>
<testsuites name="Mocha Tests" time="6.248" tests="2" failures="1">
  <testsuite name="Root Suite" timestamp="2021-04-06T10:19:51" tests="0" failures="0" time="0">
  </testsuite>
  <testsuite name="Login" timestamp="2021-04-06T10:19:51" tests="1" failures="1" time="6.247">
    <testcase name="Login Login with right credentials" time="6.247" classname="Login with right credentials">
      <failure message="" type="Error"><![CDATA[expected web application to include "PRODUCTssS"]]></failure>
    </testcase>
  </testsuite>
  <testsuite name="login" timestamp="2021-04-06T10:19:58" tests="1" file="/Users/rjfm/WebstormProjects/framework-for-web/login_test.js" failures="0" time="0.001">
    <testcase name="login: test something" time="0.001" classname="test something">
    </testcase>
  </testsuite>
</testsuites>